2026-01-28 21:01:52,509 - INFO - ============================================================
2026-01-28 21:01:52,510 - INFO - STOCK PRICE DATA FETCHER (INCREMENTAL)
2026-01-28 21:01:52,510 - INFO - ============================================================
2026-01-28 21:01:52,510 - INFO -
Global Config:
2026-01-28 21:01:52,510 - INFO -   START_DATE: 2024-01-01
2026-01-28 21:01:52,510 - INFO -   Overriding with --start_date: 2022-01-01
2026-01-28 21:01:52,510 - INFO - No existing price data file found. Will perform full download.
2026-01-28 21:01:52,510 - INFO - Reading symbols from: stock.csv
2026-01-28 21:01:52,521 - INFO - Found 1 unique symbols from stock.csv.
2026-01-28 21:01:52,521 - INFO - Base start date: 2022-01-01 (from override)
2026-01-28 21:01:52,522 - INFO - Limiting to 1 symbols for this run.
2026-01-28 21:01:52,522 - INFO -
Symbols: 1
2026-01-28 21:01:52,522 - INFO - First 10: ['HYMC']
2026-01-28 21:01:52,522 - INFO -
============================================================
2026-01-28 21:01:52,522 - INFO - FULL DOWNLOAD MODE
2026-01-28 21:01:52,522 - INFO - ============================================================

2026-01-28 21:01:52,522 - INFO -
============================================================
2026-01-28 21:01:52,522 - INFO - DOWNLOADING PRICE DATA
2026-01-28 21:01:52,522 - INFO - ============================================================
2026-01-28 21:01:52,522 - INFO - Symbols: 1
2026-01-28 21:01:52,522 - INFO - Period: 2022-01-01 to 2026-01-28
2026-01-28 21:01:52,522 - INFO - Chunk size: 50, Delay: 1.0s
2026-01-28 21:01:52,522 - INFO - ============================================================

2026-01-28 21:01:52,522 - INFO - Chunk 1/1 (1 symbols, retry 1)...
2026-01-28 21:01:53,117 - INFO - ✓ Chunk 1: 1/1 symbols, 1020 rows
2026-01-28 21:01:54,117 - INFO -
✓ Merging chunks...
2026-01-28 21:01:54,121 - INFO -
============================================================
2026-01-28 21:01:54,121 - INFO - ✓ PRICE DATA SAVED
2026-01-28 21:01:54,121 - INFO - ============================================================
2026-01-28 21:01:54,121 - INFO - Path: data/price_data_ohlcv.pkl
2026-01-28 21:01:54,122 - INFO - Shape: (1020, 5)
2026-01-28 21:01:54,122 - INFO - Range: 2022-01-03 to 2026-01-27
2026-01-28 21:01:54,122 - INFO - Symbols: 1
2026-01-28 21:01:54,122 - INFO - Size: 0.05 MB
2026-01-28 21:01:54,122 - INFO - ============================================================

2026-01-28 21:01:54,122 - INFO - 🎉 Success!
2026-01-28 21:14:16,988 - INFO - ============================================================
2026-01-28 21:14:16,988 - INFO - STOCK PRICE DATA FETCHER (INCREMENTAL)
2026-01-28 21:14:16,988 - INFO - ============================================================
2026-01-28 21:14:16,988 - INFO -
Global Config:
2026-01-28 21:14:16,988 - INFO -   START_DATE: 2024-01-01
2026-01-28 21:14:16,988 - INFO -   Overriding with --start_date: 2022-01-01
2026-01-28 21:14:16,988 - INFO - No existing price data file found. Will perform full download.
2026-01-28 21:14:16,988 - INFO - Reading symbols from: stock.csv
2026-01-28 21:14:16,992 - INFO - Found 1 unique symbols from stock.csv.
2026-01-28 21:14:16,992 - INFO - Base start date: 2022-01-01 (from override)
2026-01-28 21:14:16,992 - INFO - Limiting to 1 symbols for this run.
2026-01-28 21:14:16,992 - INFO -
Symbols: 1
2026-01-28 21:14:16,993 - INFO - First 10: ['HYMC']
2026-01-28 21:14:16,993 - INFO -
============================================================
2026-01-28 21:14:16,993 - INFO - FULL DOWNLOAD MODE
2026-01-28 21:14:16,993 - INFO - ============================================================

2026-01-28 21:14:16,993 - INFO -
============================================================
2026-01-28 21:14:16,993 - INFO - DOWNLOADING PRICE DATA
2026-01-28 21:14:16,993 - INFO - ============================================================
2026-01-28 21:14:16,993 - INFO - Symbols: 1
2026-01-28 21:14:16,993 - INFO - Period: 2022-01-01 to 2026-01-28
2026-01-28 21:14:16,993 - INFO - Chunk size: 50, Delay: 1.0s
2026-01-28 21:14:16,993 - INFO - ============================================================

2026-01-28 21:14:16,993 - INFO - Chunk 1/1 (1 symbols, retry 1)...
2026-01-28 21:14:17,390 - INFO - ✓ Chunk 1: 1/1 symbols, 1020 rows
2026-01-28 21:14:18,390 - INFO -
✓ Merging chunks...
2026-01-28 21:14:18,393 - INFO -
============================================================
2026-01-28 21:14:18,393 - INFO - ✓ PRICE DATA SAVED
2026-01-28 21:14:18,393 - INFO - ============================================================
2026-01-28 21:14:18,393 - INFO - Path: data/price_data_ohlcv.pkl
2026-01-28 21:14:18,393 - INFO - Shape: (1020, 5)
2026-01-28 21:14:18,393 - INFO - Range: 2022-01-03 to 2026-01-27
2026-01-28 21:14:18,394 - INFO - Symbols: 1
2026-01-28 21:14:18,394 - INFO - Size: 0.05 MB
2026-01-28 21:14:18,394 - INFO - ============================================================

2026-01-28 21:14:18,394 - INFO - 🎉 Success!
2026-01-28 22:09:48,851 - INFO - ============================================================
2026-01-28 22:09:48,852 - INFO - STOCK PRICE DATA FETCHER (INCREMENTAL)
2026-01-28 22:09:48,853 - INFO - ============================================================
2026-01-28 22:09:48,853 - INFO -
Global Config:
2026-01-28 22:09:48,853 - INFO -   START_DATE: 2024-01-01
2026-01-28 22:09:48,853 - INFO -   Overriding with --start_date: 2022-01-01
2026-01-28 22:09:48,854 - INFO - No existing price data file found. Will perform full download.
2026-01-28 22:09:48,854 - INFO - Reading symbols from: stock.csv
2026-01-28 22:09:48,865 - INFO - Found 1 unique symbols from stock.csv.
2026-01-28 22:09:48,865 - INFO - Base start date: 2022-01-01 (from override)
2026-01-28 22:09:48,865 - INFO - Limiting to 1 symbols for this run.
2026-01-28 22:09:48,865 - INFO -
Symbols: 1
2026-01-28 22:09:48,865 - INFO - First 10: ['HYMC']
2026-01-28 22:09:48,865 - INFO -
============================================================
2026-01-28 22:09:48,866 - INFO - FULL DOWNLOAD MODE
2026-01-28 22:09:48,866 - INFO - ============================================================

2026-01-28 22:09:48,866 - INFO -
============================================================
2026-01-28 22:09:48,866 - INFO - DOWNLOADING PRICE DATA
2026-01-28 22:09:48,866 - INFO - ============================================================
2026-01-28 22:09:48,866 - INFO - Symbols: 1
2026-01-28 22:09:48,866 - INFO - Period: 2022-01-01 to 2026-01-28
2026-01-28 22:09:48,866 - INFO - Chunk size: 50, Delay: 1.0s
2026-01-28 22:09:48,866 - INFO - ============================================================

2026-01-28 22:09:48,866 - INFO - Chunk 1/1 (1 symbols, retry 1)...
2026-01-28 22:09:49,517 - INFO - ✓ Chunk 1: 1/1 symbols, 1020 rows
2026-01-28 22:09:50,517 - INFO -
✓ Merging chunks...
2026-01-28 22:09:50,520 - INFO -
============================================================
2026-01-28 22:09:50,520 - INFO - ✓ PRICE DATA SAVED
2026-01-28 22:09:50,520 - INFO - ============================================================
2026-01-28 22:09:50,520 - INFO - Path: data/price_data_ohlcv.pkl
2026-01-28 22:09:50,520 - INFO - Shape: (1020, 5)
2026-01-28 22:09:50,521 - INFO - Range: 2022-01-03 to 2026-01-27
2026-01-28 22:09:50,521 - INFO - Symbols: 1
2026-01-28 22:09:50,521 - INFO - Size: 0.05 MB
2026-01-28 22:09:50,521 - INFO - ============================================================

2026-01-28 22:09:50,521 - INFO - 🎉 Success!
2026-01-28 22:57:33,444 - INFO - ============================================================
2026-01-28 22:57:33,446 - INFO - STOCK PRICE DATA FETCHER (INCREMENTAL)
2026-01-28 22:57:33,446 - INFO - ============================================================
2026-01-28 22:57:33,446 - INFO -
Global Config:
2026-01-28 22:57:33,446 - INFO -   START_DATE: 2024-01-01
2026-01-28 22:57:33,446 - INFO -   Overriding with --start_date: 2022-01-01
2026-01-28 22:57:33,447 - INFO - No existing price data file found. Will perform full download.
2026-01-28 22:57:33,447 - INFO - Reading symbols from: stock.csv
2026-01-28 22:57:33,459 - INFO - Found 1 unique symbols from stock.csv.
2026-01-28 22:57:33,460 - INFO - Base start date: 2022-01-01 (from override)
2026-01-28 22:57:33,460 - INFO - Limiting to 1 symbols for this run.
2026-01-28 22:57:33,460 - INFO -
Symbols: 1
2026-01-28 22:57:33,460 - INFO - First 10: ['HYMC']
2026-01-28 22:57:33,460 - INFO -
============================================================
2026-01-28 22:57:33,460 - INFO - FULL DOWNLOAD MODE
2026-01-28 22:57:33,460 - INFO - ============================================================

2026-01-28 22:57:33,460 - INFO -
============================================================
2026-01-28 22:57:33,460 - INFO - DOWNLOADING PRICE DATA
2026-01-28 22:57:33,460 - INFO - ============================================================
2026-01-28 22:57:33,460 - INFO - Symbols: 1
2026-01-28 22:57:33,460 - INFO - Period: 2022-01-01 to 2026-01-28
2026-01-28 22:57:33,460 - INFO - Chunk size: 50, Delay: 1.0s
2026-01-28 22:57:33,460 - INFO - ============================================================

2026-01-28 22:57:33,461 - INFO - Chunk 1/1 (1 symbols, retry 1)...
2026-01-28 22:57:33,854 - INFO - ✓ Chunk 1: 1/1 symbols, 1020 rows
2026-01-28 22:57:34,855 - INFO -
✓ Merging chunks...
2026-01-28 22:57:34,858 - INFO -
============================================================
2026-01-28 22:57:34,858 - INFO - ✓ PRICE DATA SAVED
2026-01-28 22:57:34,858 - INFO - ============================================================
2026-01-28 22:57:34,858 - INFO - Path: data/price_data_ohlcv.pkl
2026-01-28 22:57:34,858 - INFO - Shape: (1020, 5)
2026-01-28 22:57:34,858 - INFO - Range: 2022-01-03 to 2026-01-27
2026-01-28 22:57:34,859 - INFO - Symbols: 1
2026-01-28 22:57:34,859 - INFO - Size: 0.05 MB
2026-01-28 22:57:34,859 - INFO - ============================================================

2026-01-28 22:57:34,859 - INFO - 🎉 Success!
